0 info it worked if it ends with ok
1 verbose cli [
1 verbose cli   'C:\\Program Files\\nodejs\\node.exe',
1 verbose cli   'D:\\programacao\\projetos\\plr-flix\\node_modules\\npm\\bin\\npm-cli.js',
1 verbose cli   'run',
1 verbose cli   'dev'
1 verbose cli ]
2 info using npm@2.15.12
3 info using node@v16.16.0
4 verbose run-script [ 'predev', 'dev', 'postdev' ]
5 info predev @rbeiro-ui/tokens@1.1.0
6 info dev @rbeiro-ui/tokens@1.1.0
7 verbose unsafe-perm in lifecycle true
8 info @rbeiro-ui/tokens@1.1.0 Failed to exec dev script
9 verbose stack Error: @rbeiro-ui/tokens@1.1.0 dev: `tsup src/index.ts --format esm,cjs --dts --watch`
9 verbose stack Exit status 3221225786
9 verbose stack     at EventEmitter.<anonymous> (D:\programacao\projetos\plr-flix\node_modules\npm\lib\utils\lifecycle.js:217:16)
9 verbose stack     at EventEmitter.emit (node:events:527:28)
9 verbose stack     at ChildProcess.<anonymous> (D:\programacao\projetos\plr-flix\node_modules\npm\lib\utils\spawn.js:24:14)
9 verbose stack     at ChildProcess.emit (node:events:527:28)
9 verbose stack     at maybeClose (node:internal/child_process:1092:16)
9 verbose stack     at Process.ChildProcess._handle.onexit (node:internal/child_process:302:5)
10 verbose pkgid @rbeiro-ui/tokens@1.1.0
11 verbose cwd D:\programacao\projetos\plr-flix\packages\tokens
12 error Windows_NT 10.0.19043
13 error argv "C:\\Program Files\\nodejs\\node.exe" "D:\\programacao\\projetos\\plr-flix\\node_modules\\npm\\bin\\npm-cli.js" "run" "dev"
14 error node v16.16.0
15 error npm  v2.15.12
16 error code ELIFECYCLE
17 error @rbeiro-ui/tokens@1.1.0 dev: `tsup src/index.ts --format esm,cjs --dts --watch`
17 error Exit status 3221225786
18 error Failed at the @rbeiro-ui/tokens@1.1.0 dev script 'tsup src/index.ts --format esm,cjs --dts --watch'.
18 error This is most likely a problem with the @rbeiro-ui/tokens package,
18 error not with npm itself.
18 error Tell the author that this fails on your system:
18 error     tsup src/index.ts --format esm,cjs --dts --watch
18 error You can get information on how to open an issue for this project with:
18 error     npm bugs @rbeiro-ui/tokens
18 error Or if that isn't available, you can get their info via:
18 error
18 error     npm owner ls @rbeiro-ui/tokens
18 error There is likely additional logging output above.
19 verbose exit [ 1, true ]
